<?xml version="1.0" encoding="UTF-8"?>
<testsuite xmlns:xsi="http://www.w3.org/2001/XMLSchema-instance" xsi:noNamespaceSchemaLocation="https://maven.apache.org/surefire/maven-surefire-plugin/xsd/surefire-test-report.xsd" name="com.xhy.AppTest" time="0.38" tests="6" errors="6" skipped="0" failures="0">
  <properties>
[...]
</properties>
  <testcase name="testbatis" classname="com.xhy.AppTest" time="0.311">
    <error message="&#10;### Error opening session.  Cause: java.lang.NullPointerException&#10;### Cause: java.lang.NullPointerException" type="org.apache.ibatis.exceptions.PersistenceException">org.apache.ibatis.exceptions.PersistenceException: 

### Error opening session.  Cause: java.lang.NullPointerException
### Cause: java.lang.NullPointerException
	at com.xhy.AppTest.init(AppTest.java:32)
Caused by: java.lang.NullPointerException
	at com.xhy.AppTest.init(AppTest.java:32)
</error>
  </testcase>
  <testcase name="testbatis" classname="com.xhy.AppTest" time="0.311">
    <error type="java.lang.NullPointerException">java.lang.NullPointerException
	at com.xhy.AppTest.destroy(AppTest.java:75)
</error>
  </testcase>
  <testcase name="testsave" classname="com.xhy.AppTest" time="0.017">
    <error message="&#10;### Error opening session.  Cause: java.lang.NullPointerException&#10;### Cause: java.lang.NullPointerException" type="org.apache.ibatis.exceptions.PersistenceException">org.apache.ibatis.exceptions.PersistenceException: 

### Error opening session.  Cause: java.lang.NullPointerException
### Cause: java.lang.NullPointerException
	at com.xhy.AppTest.init(AppTest.java:32)
Caused by: java.lang.NullPointerException
	at com.xhy.AppTest.init(AppTest.java:32)
</error>
  </testcase>
  <testcase name="testsave" classname="com.xhy.AppTest" time="0.017">
    <error type="java.lang.NullPointerException">java.lang.NullPointerException
	at com.xhy.AppTest.destroy(AppTest.java:75)
</error>
  </testcase>
  <testcase name="testfindbyid" classname="com.xhy.AppTest" time="0.014">
    <error message="&#10;### Error opening session.  Cause: java.lang.NullPointerException&#10;### Cause: java.lang.NullPointerException" type="org.apache.ibatis.exceptions.PersistenceException">org.apache.ibatis.exceptions.PersistenceException: 

### Error opening session.  Cause: java.lang.NullPointerException
### Cause: java.lang.NullPointerException
	at com.xhy.AppTest.init(AppTest.java:32)
Caused by: java.lang.NullPointerException
	at com.xhy.AppTest.init(AppTest.java:32)
</error>
  </testcase>
  <testcase name="testfindbyid" classname="com.xhy.AppTest" time="0.014">
    <error type="java.lang.NullPointerException">java.lang.NullPointerException
	at com.xhy.AppTest.destroy(AppTest.java:75)
</error>
  </testcase>
</testsuite>